<?xml version="1.0" encoding="UTF-8"?>
<!-- Generated by org.testng.reporters.JUnitReportReporter -->
<testsuite hostname="DESKTOP-7S7LCUO" failures="0" tests="1" name="testCases" time="10.840" errors="0" timestamp="2023-11-22T10:49:59 IST" skipped="0">
  <testcase classname="testCases" name="searchItemsWithKeyNumbers" time="10.840"/>
</testsuite> <!-- testCases -->
