<?xml version="1.0" encoding="UTF-8"?>
<!-- Generated by org.testng.reporters.JUnitReportReporter -->
<testsuite hostname="DESKTOP-7S7LCUO" failures="0" tests="3" name="testCases" time="20.127" errors="0" timestamp="2023-11-21T17:45:46 IST" skipped="0">
  <testcase classname="testCases" name="searchItemsWithKeyword" time="7.933"/>
  <testcase classname="testCases" name="searchButtonIsDisabledWhenWeDontEnterAnyValue" time="5.611"/>
  <testcase classname="testCases" name="searchItemsWithKeyNumbers" time="6.583"/>
</testsuite> <!-- testCases -->
