<?xml version="1.0" encoding="UTF-8"?>
<!-- Generated by org.testng.reporters.JUnitReportReporter -->
<testsuite hostname="LAPTOP-E90MUEOH" failures="0" tests="1" name="testCases.CartTestCases" time="17.116" errors="0" timestamp="2023-11-23T13:39:38 IST" skipped="0">
  <testcase classname="testCases.CartTestCases" name="checkProductDeletion" time="17.116"/>
</testsuite> <!-- testCases.CartTestCases -->
