<?xml version="1.0" encoding="UTF-8"?>
<!-- Generated by org.testng.reporters.JUnitReportReporter -->
<testsuite hostname="DESKTOP-7S7LCUO" failures="0" tests="1" name="testCases.NavBarButtons" time="18.545" errors="0" timestamp="2023-11-22T15:50:32 IST" skipped="0">
  <testcase classname="testCases.NavBarButtons" name="checkhomebutton" time="18.545"/>
</testsuite> <!-- testCases.NavBarButtons -->
