<?xml version="1.0" encoding="UTF-8"?>
<!-- Generated by org.testng.reporters.JUnitReportReporter -->
<testsuite hostname="DESKTOP-7S7LCUO" failures="0" tests="1" name="base.SettingBrower" time="0.010" errors="0" timestamp="2023-11-21T15:40:50 IST" skipped="0">
  <testcase classname="base.SettingBrower" name="test1" time="0.010"/>
</testsuite> <!-- base.SettingBrower -->
