<?xml version="1.0" encoding="UTF-8"?>
<!-- Generated by org.testng.reporters.JUnitReportReporter -->
<testsuite hostname="DESKTOP-7S7LCUO" failures="0" tests="1" name="stepDefinations.SearchDefinations" time="0.022" errors="0" timestamp="2023-11-21T17:04:18 IST" skipped="0">
  <testcase classname="stepDefinations.SearchDefinations" name="user_is_on_the_homepage" time="0.022"/>
</testsuite> <!-- stepDefinations.SearchDefinations -->
