<?xml version="1.0" encoding="UTF-8"?>
<!-- Generated by org.testng.reporters.JUnitReportReporter -->
<testsuite hostname="DESKTOP-7S7LCUO" failures="0" tests="4" name="testCases.SearchTest" time="58.015" errors="0" timestamp="2023-11-23T15:53:15 IST" skipped="0">
  <testcase classname="testCases.SearchTest" name="searchItemsWithKeyword" time="15.671"/>
  <testcase classname="testCases.SearchTest" name="searchItemsWithKeyNumbers" time="12.891"/>
  <testcase classname="testCases.SearchTest" name="searchButtonIsDisabledWhenWeDontEnterAnyValue" time="10.073"/>
  <testcase classname="testCases.SearchTest" name="searchBtnIsWokringFineWhenWeEnterWrongInp" time="19.380"/>
</testsuite> <!-- testCases.SearchTest -->
