<?xml version="1.0" encoding="UTF-8"?>
<!-- Generated by org.testng.reporters.JUnitReportReporter -->
<testsuite hostname="DESKTOP-7S7LCUO" failures="0" tests="4" name="testCases.SearchTest" time="95.900" errors="0" timestamp="2023-11-22T13:08:45 IST" skipped="0">
  <testcase classname="testCases.SearchTest" name="searchItemsWithKeyword" time="16.012"/>
  <testcase classname="testCases.SearchTest" name="searchItemsWithKeyNumbers" time="17.651"/>
  <testcase classname="testCases.SearchTest" name="searchButtonIsDisabledWhenWeDontEnterAnyValue" time="11.950"/>
  <testcase classname="testCases.SearchTest" name="searchBtnIsWokringFineWhenWeEnterWrongInp" time="50.287"/>
</testsuite> <!-- testCases.SearchTest -->
