<?xml version="1.0" encoding="UTF-8"?>
<!-- Generated by org.testng.reporters.JUnitReportReporter -->
<testsuite hostname="DESKTOP-7S7LCUO" failures="0" tests="4" name="testCases.SearchTest" time="37.159" errors="0" timestamp="2023-11-22T12:46:45 IST" skipped="0">
  <testcase classname="testCases.SearchTest" name="searchItemsWithKeyword" time="7.852"/>
  <testcase classname="testCases.SearchTest" name="searchItemsWithKeyNumbers" time="8.998"/>
  <testcase classname="testCases.SearchTest" name="searchButtonIsDisabledWhenWeDontEnterAnyValue" time="6.339"/>
  <testcase classname="testCases.SearchTest" name="searchBtnIsWokringFineWhenWeEnterWrongInp" time="13.970"/>
</testsuite> <!-- testCases.SearchTest -->
