<?xml version="1.0" encoding="UTF-8"?>
<!-- Generated by org.testng.reporters.JUnitReportReporter -->
<testsuite hostname="DESKTOP-7S7LCUO" failures="0" tests="5" name="testCases.NavBarButtonsTest" time="66.606" errors="0" timestamp="2023-11-23T15:53:15 IST" skipped="0">
  <testcase classname="testCases.NavBarButtonsTest" name="checkhomebutton" time="13.480"/>
  <testcase classname="testCases.NavBarButtonsTest" name="checkAboutButton" time="13.226"/>
  <testcase classname="testCases.NavBarButtonsTest" name="checkBlog" time="12.155"/>
  <testcase classname="testCases.NavBarButtonsTest" name="checkContact" time="14.030"/>
  <testcase classname="testCases.NavBarButtonsTest" name="checkShippingST" time="13.715"/>
</testsuite> <!-- testCases.NavBarButtonsTest -->
