<?xml version="1.0" encoding="UTF-8"?>
<!-- Generated by org.testng.reporters.JUnitReportReporter -->
<testsuite hostname="LAPTOP-E90MUEOH" failures="0" tests="1" name="testCases.CartTestCases" time="19.484" errors="0" timestamp="2023-11-23T15:23:42 IST" skipped="0">
  <testcase classname="testCases.CartTestCases" name="checkProductDeletion" time="19.484"/>
</testsuite> <!-- testCases.CartTestCases -->
