<?xml version="1.0" encoding="UTF-8"?>
<!-- Generated by org.testng.reporters.JUnitReportReporter -->
<testsuite hostname="LAPTOP-E90MUEOH" failures="0" tests="1" name="NavBarButtons" time="11.093" errors="0" timestamp="2023-11-22T10:50:24 IST" skipped="0">
  <testcase classname="NavBarButtons" name="checkhomebutton" time="11.093"/>
</testsuite> <!-- NavBarButtons -->
